Build started 3/13/2020 11:51:04 AM.
     1>Project "C:\Users\DELL\documents\visual studio 2010\Projects\HireGauge\HireGauge\HireGauge.vcxproj" on node 2 (build target(s)).
     1>InitializeBuildStatus:
         Creating "Debug\HireGauge.unsuccessfulbuild" because "AlwaysCreate" was specified.
       GenerateTargetFrameworkMonikerAttribute:
       Skipping target "GenerateTargetFrameworkMonikerAttribute" because all output files are up-to-date with respect to the input files.
       ClCompile:
         All outputs are up-to-date.
         C:\Program Files (x86)\Microsoft Visual Studio 10.0\VC\bin\CL.exe /c /AI"C:\Program Files (x86)\Reference Assemblies\Microsoft\Framework\.NETFramework\v4.0" /Zi /clr:pure /nologo /W3 /WX- /Od /Oy- /D WIN32 /D _DEBUG /D _UNICODE /D UNICODE /EHa /MDd /GS /fp:precise /Zc:wchar_t /Zc:forScope /Yu"StdAfx.h" /Fp"Debug\HireGauge.pch" /Fo"Debug\\" /Fd"Debug\vc100.pdb" /TP /FU"C:\Program Files (x86)\Reference Assemblies\Microsoft\Framework\.NETFramework\v4.0\System.Core.dll" /FU"C:\Program Files (x86)\Reference Assemblies\Microsoft\Framework\.NETFramework\v4.0\System.Data.dll" /FU"C:\Program Files (x86)\Reference Assemblies\Microsoft\Framework\.NETFramework\v4.0\System.dll" /FU"C:\Program Files (x86)\Reference Assemblies\Microsoft\Framework\.NETFramework\v4.0\System.Drawing.dll" /FU"C:\Program Files (x86)\Reference Assemblies\Microsoft\Framework\.NETFramework\v4.0\System.Windows.Forms.dll" /FU"C:\Program Files (x86)\Reference Assemblies\Microsoft\Framework\.NETFramework\v4.0\System.Xml.dll" /analyze- /errorReport:prompt CandidateLogin.cpp HireGauge.cpp /clr:nostdlib 
         CandidateLogin.cpp
     1>c:\users\dell\documents\visual studio 2010\projects\hiregauge\hiregauge\CandidateLogin.h(207): warning C4101: 'ex' : unreferenced local variable
         HireGauge.cpp
     1>c:\users\dell\documents\visual studio 2010\projects\hiregauge\hiregauge\CandidateLogin.h(207): warning C4101: 'ex' : unreferenced local variable
         Generating Code...
         All outputs are up-to-date.
       CoreResGen:
         No resources are out of date with respect to their source files. Skipping resource generation.
       ResourceCompile:
         All outputs are up-to-date.
       Link:
         C:\Program Files (x86)\Microsoft Visual Studio 10.0\VC\bin\link.exe /ERRORREPORT:PROMPT /OUT:"C:\Users\DELL\documents\visual studio 2010\Projects\HireGauge\Debug\HireGauge.exe" /INCREMENTAL /NOLOGO /ASSEMBLYRESOURCE:Debug\HireGauge.CandidateLogin.resources /ASSEMBLYRESOURCE:Debug\HireGauge.Form1.resources /MANIFEST /ManifestFile:"Debug\HireGauge.exe.intermediate.manifest" /MANIFESTUAC:"level='asInvoker' uiAccess='false'" /DEBUG /PDB:"C:\Users\DELL\documents\visual studio 2010\Projects\HireGauge\Debug\HireGauge.pdb" /ASSEMBLYDEBUG /SUBSYSTEM:WINDOWS /TLBID:1 /ENTRY:"main" /DYNAMICBASE /FIXED:NO /NXCOMPAT /MACHINE:X86 Debug\app.res
         Debug\AssemblyInfo.obj
         Debug\CandidateLogin.obj
         Debug\HireGauge.obj
         Debug\stdafx.obj
         "Debug\.NETFramework,Version=v4.0.AssemblyAttributes.obj"
         HireGauge.vcxproj -> C:\Users\DELL\documents\visual studio 2010\Projects\HireGauge\Debug\HireGauge.exe
       Manifest:
         C:\Program Files (x86)\Microsoft SDKs\Windows\v7.0A\bin\mt.exe /nologo /verbose /outputresource:"C:\Users\DELL\documents\visual studio 2010\Projects\HireGauge\Debug\HireGauge.exe;#1" /manifest Debug\HireGauge.exe.intermediate.manifest
       FinalizeBuildStatus:
         Deleting file "Debug\HireGauge.unsuccessfulbuild".
         Touching "Debug\HireGauge.lastbuildstate".
     1>Done Building Project "C:\Users\DELL\documents\visual studio 2010\Projects\HireGauge\HireGauge\HireGauge.vcxproj" (build target(s)).

Build succeeded.

Time Elapsed 00:00:00.92
